<?xml version="1.0" encoding="UTF-8"?>
<!-- Generated by org.testng.reporters.JUnitReportReporter -->
<testsuite hostname="DESKTOP-5G4IKES" failures="0" tests="2" name="seleniumtestngframework.tests.LoginTests" time="9.888" errors="0" timestamp="2024-03-02T21:47:41 IST" skipped="0">
  <testcase classname="seleniumtestngframework.tests.LoginTests" name="captureLoginButtonImage" time="6.876"/>
  <system-out/>
  <testcase classname="seleniumtestngframework.tests.LoginTests" name="validateLoginButtonStyleUsingImage" time="3.012"/>
  <system-out/>
</testsuite> <!-- seleniumtestngframework.tests.LoginTests -->
