<?xml version="1.0" encoding="UTF-8"?>
<!-- Generated by org.testng.reporters.JUnitReportReporter -->
<testsuite hostname="DESKTOP-5G4IKES" failures="0" tests="3" name="seleniumtestngframework.tests.CaptureImageFile" time="21.173" errors="0" timestamp="2024-03-02T18:52:35 IST" skipped="0">
  <testcase classname="seleniumtestngframework.tests.CaptureImageFile" name="captureImage" time="10.370"/>
  <system-out/>
  <testcase classname="seleniumtestngframework.tests.CaptureImageFile" name="compareImages" time="5.855"/>
  <system-out/>
  <testcase classname="seleniumtestngframework.tests.CaptureImageFile" name="imageCaptureTesting" time="4.948"/>
  <system-out/>
</testsuite> <!-- seleniumtestngframework.tests.CaptureImageFile -->
