<?xml version="1.0" encoding="UTF-8"?>
<!-- Generated by org.testng.reporters.JUnitReportReporter -->
<testsuite hostname="DESKTOP-5G4IKES" failures="0" tests="1" name="seleniumtestngframeworkdesign.pageobjects.StandAloneTest" time="7.087" errors="0" timestamp="2024-02-11T18:51:19 IST" skipped="0">
  <testcase classname="seleniumtestngframeworkdesign.pageobjects.StandAloneTest" name="validateCheckBoxCount" time="7.087"/>
  <system-out/>
</testsuite> <!-- seleniumtestngframeworkdesign.pageobjects.StandAloneTest -->
