<?xml version="1.0" encoding="UTF-8"?>
<!-- Generated by org.testng.reporters.JUnitReportReporter -->
<testsuite hostname="DESKTOP-5G4IKES" failures="0" tests="1" name="seleniumtestngframework.StandAloneTest" time="6.644" errors="0" timestamp="2024-02-11T19:17:34 IST" skipped="0">
  <testcase classname="seleniumtestngframework.StandAloneTest" name="validateCheckBoxCount" time="6.644"/>
  <system-out/>
</testsuite> <!-- seleniumtestngframework.StandAloneTest -->
