<?xml version="1.0" encoding="UTF-8"?>
<!-- Generated by org.testng.reporters.JUnitReportReporter -->
<testsuite hostname="DESKTOP-5G4IKES" failures="0" tests="1" name="seleniumtestngframework.tests.ErrorMessageValidations" time="3.122" errors="0" timestamp="2024-02-25T19:14:39 IST" skipped="0">
  <testcase classname="seleniumtestngframework.tests.ErrorMessageValidations" name="validateLoginErrorMessage" time="3.122"/>
  <system-out/>
</testsuite> <!-- seleniumtestngframework.tests.ErrorMessageValidations -->
