<?xml version="1.0" encoding="UTF-8"?>
<!-- Generated by org.testng.reporters.JUnitReportReporter -->
<testsuite hostname="DESKTOP-5G4IKES" failures="0" tests="1" name="seleniumtestngframework.tests.StandAloneTest" time="4.783" errors="0" timestamp="2024-02-25T19:14:39 IST" skipped="0">
  <testcase classname="seleniumtestngframework.tests.StandAloneTest" name="validateCheckBoxCount" time="4.783"/>
  <system-out/>
</testsuite> <!-- seleniumtestngframework.tests.StandAloneTest -->
